<?xml version="1.0" encoding="UTF-8"?>
<coverage generated="1751297771905" clover="3.2.0">
  <project timestamp="1751297771905" name="All files">
    <metrics statements="27" coveredstatements="26" conditionals="15" coveredconditionals="13" methods="5" coveredmethods="3" elements="47" coveredelements="42" complexity="0" loc="27" ncloc="27" packages="2" files="5" classes="5"/>
    <package name="implement">
      <metrics statements="15" coveredstatements="14" conditionals="7" coveredconditionals="6" methods="4" coveredmethods="2"/>
      <file name="contains.js" path="/Users/setup/Documents/CYF/Module-Data-Groups/Sprint-2/implement/contains.js">
        <metrics statements="4" coveredstatements="4" conditionals="5" coveredconditionals="5" methods="1" coveredmethods="1"/>
        <line num="2" count="4" type="cond" truecount="5" falsecount="0"/>
        <line num="3" count="1" type="stmt"/>
        <line num="6" count="3" type="stmt"/>
        <line num="9" count="1" type="stmt"/>
      </file>
      <file name="lookup.js" path="/Users/setup/Documents/CYF/Module-Data-Groups/Sprint-2/implement/lookup.js">
        <metrics statements="1" coveredstatements="1" conditionals="0" coveredconditionals="0" methods="1" coveredmethods="0"/>
        <line num="5" count="1" type="stmt"/>
      </file>
      <file name="querystring.js" path="/Users/setup/Documents/CYF/Module-Data-Groups/Sprint-2/implement/querystring.js">
        <metrics statements="9" coveredstatements="8" conditionals="2" coveredconditionals="1" methods="1" coveredmethods="1"/>
        <line num="2" count="1" type="stmt"/>
        <line num="3" count="1" type="cond" truecount="1" falsecount="1"/>
        <line num="4" count="0" type="stmt"/>
        <line num="6" count="1" type="stmt"/>
        <line num="8" count="1" type="stmt"/>
        <line num="9" count="1" type="stmt"/>
        <line num="10" count="1" type="stmt"/>
        <line num="13" count="1" type="stmt"/>
        <line num="16" count="1" type="stmt"/>
      </file>
      <file name="tally.js" path="/Users/setup/Documents/CYF/Module-Data-Groups/Sprint-2/implement/tally.js">
        <metrics statements="1" coveredstatements="1" conditionals="0" coveredconditionals="0" methods="1" coveredmethods="0"/>
        <line num="3" count="1" type="stmt"/>
      </file>
    </package>
    <package name="stretch">
      <metrics statements="12" coveredstatements="12" conditionals="8" coveredconditionals="7" methods="1" coveredmethods="1"/>
      <file name="mode.js" path="/Users/setup/Documents/CYF/Module-Data-Groups/Sprint-2/stretch/mode.js">
        <metrics statements="12" coveredstatements="12" conditionals="8" coveredconditionals="7" methods="1" coveredmethods="1"/>
        <line num="13" count="3" type="stmt"/>
        <line num="15" count="3" type="stmt"/>
        <line num="16" count="18" type="cond" truecount="2" falsecount="0"/>
        <line num="17" count="2" type="stmt"/>
        <line num="20" count="16" type="cond" truecount="2" falsecount="0"/>
        <line num="24" count="3" type="stmt"/>
        <line num="26" count="3" type="stmt"/>
        <line num="27" count="10" type="cond" truecount="2" falsecount="0"/>
        <line num="28" count="5" type="stmt"/>
        <line num="29" count="5" type="stmt"/>
        <line num="33" count="3" type="cond" truecount="1" falsecount="1"/>
        <line num="36" count="1" type="stmt"/>
      </file>
    </package>
  </project>
</coverage>
