{"/Users/setup/Documents/CYF/Module-Data-Groups/Sprint-2/implement/contains.js": {"path":"/Users/setup/Documents/CYF/Module-Data-Groups/Sprint-2/implement/contains.js","statementMap":{"0":{"start":{"line":2,"column":4},"end":{"line":4,"column":5}},"1":{"start":{"line":3,"column":8},"end":{"line":3,"column":41}},"2":{"start":{"line":6,"column":4},"end":{"line":6,"column":35}},"3":{"start":{"line":9,"column":0},"end":{"line":9,"column":26}}},"fnMap":{"0":{"name":"contains","decl":{"start":{"line":1,"column":9},"end":{"line":1,"column":17}},"loc":{"start":{"line":1,"column":28},"end":{"line":7,"column":1}},"line":1}},"branchMap":{"0":{"loc":{"start":{"line":2,"column":4},"end":{"line":4,"column":5}},"type":"if","locations":[{"start":{"line":2,"column":4},"end":{"line":4,"column":5}},{"start":{},"end":{}}],"line":2},"1":{"loc":{"start":{"line":2,"column":8},"end":{"line":2,"column":69}},"type":"binary-expr","locations":[{"start":{"line":2,"column":8},"end":{"line":2,"column":31}},{"start":{"line":2,"column":35},"end":{"line":2,"column":47}},{"start":{"line":2,"column":51},"end":{"line":2,"column":69}}],"line":2}},"s":{"0":4,"1":1,"2":3,"3":1},"f":{"0":4},"b":{"0":[1,3],"1":[4,4,4]},"_coverageSchema":"1a1c01bbd47fc00a2c39e90264f33305004495a9","hash":"aab247acdca9714cbd259dfa55dfc8043718f34a"}
,"/Users/setup/Documents/CYF/Module-Data-Groups/Sprint-2/implement/lookup.js": {"path":"/Users/setup/Documents/CYF/Module-Data-Groups/Sprint-2/implement/lookup.js","statementMap":{"0":{"start":{"line":5,"column":0},"end":{"line":5,"column":30}}},"fnMap":{"0":{"name":"createLookup","decl":{"start":{"line":1,"column":9},"end":{"line":1,"column":21}},"loc":{"start":{"line":1,"column":24},"end":{"line":3,"column":1}},"line":1}},"branchMap":{},"s":{"0":1},"f":{"0":0},"b":{},"_coverageSchema":"1a1c01bbd47fc00a2c39e90264f33305004495a9","hash":"773cc4586aa7c39e6cd68ffea685b65ec0e15f4e"}
,"/Users/setup/Documents/CYF/Module-Data-Groups/Sprint-2/implement/querystring.js": {"path":"/Users/setup/Documents/CYF/Module-Data-Groups/Sprint-2/implement/querystring.js","statementMap":{"0":{"start":{"line":2,"column":22},"end":{"line":2,"column":24}},"1":{"start":{"line":3,"column":2},"end":{"line":5,"column":3}},"2":{"start":{"line":4,"column":4},"end":{"line":4,"column":23}},"3":{"start":{"line":6,"column":24},"end":{"line":6,"column":46}},"4":{"start":{"line":8,"column":2},"end":{"line":11,"column":3}},"5":{"start":{"line":9,"column":25},"end":{"line":9,"column":40}},"6":{"start":{"line":10,"column":4},"end":{"line":10,"column":29}},"7":{"start":{"line":13,"column":2},"end":{"line":13,"column":21}},"8":{"start":{"line":16,"column":0},"end":{"line":16,"column":34}}},"fnMap":{"0":{"name":"parseQueryString","decl":{"start":{"line":1,"column":9},"end":{"line":1,"column":25}},"loc":{"start":{"line":1,"column":39},"end":{"line":14,"column":1}},"line":1}},"branchMap":{"0":{"loc":{"start":{"line":3,"column":2},"end":{"line":5,"column":3}},"type":"if","locations":[{"start":{"line":3,"column":2},"end":{"line":5,"column":3}},{"start":{},"end":{}}],"line":3}},"s":{"0":1,"1":1,"2":0,"3":1,"4":1,"5":1,"6":1,"7":1,"8":1},"f":{"0":1},"b":{"0":[0,1]},"_coverageSchema":"1a1c01bbd47fc00a2c39e90264f33305004495a9","hash":"c8867097527e5f3779407418dad315f1070aec3e"}
,"/Users/setup/Documents/CYF/Module-Data-Groups/Sprint-2/implement/tally.js": {"path":"/Users/setup/Documents/CYF/Module-Data-Groups/Sprint-2/implement/tally.js","statementMap":{"0":{"start":{"line":3,"column":0},"end":{"line":3,"column":23}}},"fnMap":{"0":{"name":"tally","decl":{"start":{"line":1,"column":9},"end":{"line":1,"column":14}},"loc":{"start":{"line":1,"column":17},"end":{"line":1,"column":19}},"line":1}},"branchMap":{},"s":{"0":1},"f":{"0":0},"b":{},"_coverageSchema":"1a1c01bbd47fc00a2c39e90264f33305004495a9","hash":"5a03fa71ccc2e129dadc8f36b4dafc7edad0cb02"}
,"/Users/setup/Documents/CYF/Module-Data-Groups/Sprint-2/stretch/mode.js": {"path":"/Users/setup/Documents/CYF/Module-Data-Groups/Sprint-2/stretch/mode.js","statementMap":{"0":{"start":{"line":13,"column":14},"end":{"line":13,"column":23}},"1":{"start":{"line":15,"column":2},"end":{"line":21,"column":3}},"2":{"start":{"line":16,"column":4},"end":{"line":18,"column":5}},"3":{"start":{"line":17,"column":6},"end":{"line":17,"column":15}},"4":{"start":{"line":20,"column":4},"end":{"line":20,"column":46}},"5":{"start":{"line":24,"column":16},"end":{"line":24,"column":17}},"6":{"start":{"line":26,"column":2},"end":{"line":31,"column":3}},"7":{"start":{"line":27,"column":4},"end":{"line":30,"column":5}},"8":{"start":{"line":28,"column":6},"end":{"line":28,"column":17}},"9":{"start":{"line":29,"column":6},"end":{"line":29,"column":21}},"10":{"start":{"line":33,"column":2},"end":{"line":33,"column":36}},"11":{"start":{"line":36,"column":0},"end":{"line":36,"column":31}}},"fnMap":{"0":{"name":"calculateMode","decl":{"start":{"line":11,"column":9},"end":{"line":11,"column":22}},"loc":{"start":{"line":11,"column":29},"end":{"line":34,"column":1}},"line":11}},"branchMap":{"0":{"loc":{"start":{"line":16,"column":4},"end":{"line":18,"column":5}},"type":"if","locations":[{"start":{"line":16,"column":4},"end":{"line":18,"column":5}},{"start":{},"end":{}}],"line":16},"1":{"loc":{"start":{"line":20,"column":20},"end":{"line":20,"column":39}},"type":"binary-expr","locations":[{"start":{"line":20,"column":20},"end":{"line":20,"column":34}},{"start":{"line":20,"column":38},"end":{"line":20,"column":39}}],"line":20},"2":{"loc":{"start":{"line":27,"column":4},"end":{"line":30,"column":5}},"type":"if","locations":[{"start":{"line":27,"column":4},"end":{"line":30,"column":5}},{"start":{},"end":{}}],"line":27},"3":{"loc":{"start":{"line":33,"column":9},"end":{"line":33,"column":35}},"type":"cond-expr","locations":[{"start":{"line":33,"column":25},"end":{"line":33,"column":28}},{"start":{"line":33,"column":31},"end":{"line":33,"column":35}}],"line":33}},"s":{"0":3,"1":3,"2":18,"3":2,"4":16,"5":3,"6":3,"7":10,"8":5,"9":5,"10":3,"11":1},"f":{"0":3},"b":{"0":[2,16],"1":[16,10],"2":[5,5],"3":[0,3]},"_coverageSchema":"1a1c01bbd47fc00a2c39e90264f33305004495a9","hash":"18669d7e65255285e7340d2eaf22dddd024293dc"}
}
