TN:
SF:implement/contains.js
FN:1,contains
FNF:1
FNH:1
FNDA:4,contains
DA:2,4
DA:3,1
DA:6,3
DA:9,1
LF:4
LH:4
BRDA:2,0,0,1
BRDA:2,0,1,3
BRDA:2,1,0,4
BRDA:2,1,1,4
BRDA:2,1,2,4
BRF:5
BRH:5
end_of_record
TN:
SF:implement/lookup.js
FN:1,createLookup
FNF:1
FNH:0
FNDA:0,createLookup
DA:5,1
LF:1
LH:1
BRF:0
BRH:0
end_of_record
TN:
SF:implement/querystring.js
FN:1,parseQueryString
FNF:1
FNH:1
FNDA:1,parseQueryString
DA:2,1
DA:3,1
DA:4,0
DA:6,1
DA:8,1
DA:9,1
DA:10,1
DA:13,1
DA:16,1
LF:9
LH:8
BRDA:3,0,0,0
BRDA:3,0,1,1
BRF:2
BRH:1
end_of_record
TN:
SF:implement/tally.js
FN:1,tally
FNF:1
FNH:0
FNDA:0,tally
DA:3,1
LF:1
LH:1
BRF:0
BRH:0
end_of_record
TN:
SF:stretch/mode.js
FN:11,calculateMode
FNF:1
FNH:1
FNDA:3,calculateMode
DA:13,3
DA:15,3
DA:16,18
DA:17,2
DA:20,16
DA:24,3
DA:26,3
DA:27,10
DA:28,5
DA:29,5
DA:33,3
DA:36,1
LF:12
LH:12
BRDA:16,0,0,2
BRDA:16,0,1,16
BRDA:20,1,0,16
BRDA:20,1,1,10
BRDA:27,2,0,5
BRDA:27,2,1,5
BRDA:33,3,0,0
BRDA:33,3,1,3
BRF:8
BRH:7
end_of_record
