TN:
SF:Sprint-1\fix\median.js
FN:5,calculateMedian
FNF:1
FNH:1
FNDA:6,calculateMedian
DA:1,1
DA:2,1
DA:3,1
DA:4,1
DA:5,6
DA:6,6
DA:7,6
DA:8,6
DA:9,3
DA:10,6
DA:11,6
DA:12,6
DA:13,1
DA:14,1
DA:15,1
LF:15
LH:15
BRDA:5,0,0,6
BRDA:8,1,0,3
BRDA:6,2,0,22
BRF:3
BRH:3
end_of_record
TN:
SF:Sprint-1\implement\dedupe.js
FN:1,dedupe
FNF:1
FNH:0
FNDA:0,dedupe
DA:1,0
DA:2,0
DA:3,0
DA:4,0
DA:5,0
LF:5
LH:0
BRF:0
BRH:0
end_of_record
TN:
SF:Sprint-1\implement\max.js
FN:1,findMax
FNF:1
FNH:1
FNDA:8,findMax
DA:1,8
DA:2,8
DA:3,8
DA:4,6
DA:5,8
DA:6,1
DA:7,1
DA:8,1
LF:8
LH:8
BRDA:1,0,0,8
BRDA:3,1,0,2
BRDA:4,2,0,6
BRDA:2,3,0,29
BRF:4
BRH:4
end_of_record
TN:
SF:Sprint-1\implement\sum.js
FN:1,sum
FNF:1
FNH:1
FNDA:7,sum
DA:1,7
DA:2,7
DA:3,7
DA:4,17
DA:5,10
DA:6,10
DA:7,10
DA:8,17
DA:9,17
DA:10,7
DA:11,7
DA:12,1
DA:13,1
LF:13
LH:13
BRDA:1,0,0,7
BRDA:3,1,0,17
BRDA:4,2,0,10
BRF:3
BRH:3
end_of_record
TN:
SF:Sprint-1\refactor\includes.js
FN:3,includes
FNF:1
FNH:1
FNDA:5,includes
DA:1,1
DA:2,1
DA:3,5
DA:4,5
DA:5,12
DA:6,12
DA:7,12
DA:8,2
DA:9,2
DA:10,2
DA:11,1
DA:12,1
LF:12
LH:12
BRDA:3,0,0,5
BRDA:4,1,0,12
BRDA:5,2,0,3
BRDA:7,3,0,2
BRF:4
BRH:4
end_of_record
TN:
SF:Sprint-2\implement\contains.js
FN:1,contains
FNF:1
FNH:0
FNDA:0,contains
DA:1,0
DA:2,1
DA:3,1
LF:3
LH:2
BRF:0
BRH:0
end_of_record
TN:
SF:Sprint-2\implement\lookup.js
FN:1,createLookup
FNF:1
FNH:0
FNDA:0,createLookup
DA:1,0
DA:2,0
DA:3,1
DA:4,1
DA:5,1
LF:5
LH:3
BRF:0
BRH:0
end_of_record
TN:
SF:Sprint-2\implement\querystring.js
FN:1,parseQueryString
FNF:1
FNH:1
FNDA:1,parseQueryString
DA:1,1
DA:2,1
DA:3,1
DA:4,0
DA:5,0
DA:6,1
DA:7,1
DA:8,1
DA:9,1
DA:10,1
DA:11,1
DA:12,1
DA:13,1
DA:14,1
DA:15,1
DA:16,1
LF:16
LH:14
BRDA:1,0,0,1
BRDA:3,1,0,0
BRF:2
BRH:1
end_of_record
TN:
SF:Sprint-2\implement\tally.js
FN:1,tally
FNF:1
FNH:0
FNDA:0,tally
DA:1,0
DA:2,1
DA:3,1
LF:3
LH:2
BRF:0
BRH:0
end_of_record
TN:
SF:Sprint-2\stretch\mode.js
FN:11,calculateMode
FNF:1
FNH:1
FNDA:3,calculateMode
DA:1,1
DA:2,1
DA:3,1
DA:4,1
DA:5,1
DA:6,1
DA:7,1
DA:8,1
DA:9,1
DA:10,1
DA:11,3
DA:12,3
DA:13,3
DA:14,3
DA:15,3
DA:16,18
DA:17,2
DA:18,2
DA:19,16
DA:20,18
DA:21,18
DA:22,3
DA:23,3
DA:24,3
DA:25,3
DA:26,3
DA:27,10
DA:28,5
DA:29,5
DA:30,5
DA:31,10
DA:32,3
DA:33,3
DA:34,3
DA:35,1
DA:36,1
LF:36
LH:36
BRDA:11,0,0,3
BRDA:15,1,0,18
BRDA:16,2,0,2
BRDA:18,3,0,16
BRDA:20,4,0,10
BRDA:26,5,0,10
BRDA:27,6,0,5
BRDA:33,7,0,0
BRF:8
BRH:7
end_of_record
